# JRE version: Java(TM) SE Runtime Environment (8.0_20-b26) (build 1.8.0_20-b26)
# Java VM: Java HotSpot(TM) 64-Bit Server VM (25.20-b23 mixed mode windows-amd64 compressed oops)
Heap:
 PSYoungGen      total 97792K, used 40300K [0x00000000d5800000, 0x00000000df300000, 0x0000000100000000)
  eden space 84480K, 31% used [0x00000000d5800000,0x00000000d7262b30,0x00000000daa80000)
  from space 13312K, 99% used [0x00000000daa80000,0x00000000db7785d8,0x00000000db780000)
  to   space 16384K, 0% used [0x00000000de300000,0x00000000de300000,0x00000000df300000)
 ParOldGen       total 61952K, used 24225K [0x0000000080800000, 0x0000000084480000, 0x00000000d5800000)
  object space 61952K, 39% used [0x0000000080800000,0x0000000081fa8798,0x0000000084480000)
 Metaspace       used 24654K, capacity 25266K, committed 25600K, reserved 1071104K
  class space    used 2825K, capacity 2967K, committed 3072K, reserved 1048576K
GC Heap History (10 events):
Event: 9.349 GC heap before
{Heap before GC invocations=12 (full 1):
 PSYoungGen      total 47616K, used 47318K [0x00000000d5800000, 0x00000000d9680000, 0x0000000100000000)
  eden space 42496K, 99% used [0x00000000d5800000,0x00000000d817eae0,0x00000000d8180000)
  from space 5120K, 94% used [0x00000000d9180000,0x00000000d9636d50,0x00000000d9680000)
  to   space 8704K, 0% used [0x00000000d8580000,0x00000000d8580000,0x00000000d8e00000)
 ParOldGen       total 61952K, used 11835K [0x0000000080800000, 0x0000000084480000, 0x00000000d5800000)
  object space 61952K, 19% used [0x0000000080800000,0x000000008138ef40,0x0000000084480000)
 Metaspace       used 24604K, capacity 25198K, committed 25344K, reserved 1071104K
  class space    used 2824K, capacity 2967K, committed 3072K, reserved 1048576K
Event: 9.355 GC heap after
Heap after GC invocations=12 (full 1):
 PSYoungGen      total 55296K, used 7875K [0x00000000d5800000, 0x00000000da400000, 0x0000000100000000)
  eden space 46592K, 0% used [0x00000000d5800000,0x00000000d5800000,0x00000000d8580000)
  from space 8704K, 90% used [0x00000000d8580000,0x00000000d8d30df8,0x00000000d8e00000)
  to   space 9216K, 0% used [0x00000000d9b00000,0x00000000d9b00000,0x00000000da400000)
 ParOldGen       total 61952K, used 14514K [0x0000000080800000, 0x0000000084480000, 0x00000000d5800000)
  object space 61952K, 23% used [0x0000000080800000,0x000000008162c848,0x0000000084480000)
 Metaspace       used 24604K, capacity 25198K, committed 25344K, reserved 1071104K
  class space    used 2824K, capacity 2967K, committed 3072K, reserved 1048576K
}
Event: 9.540 GC heap before
{Heap before GC invocations=13 (full 1):
 PSYoungGen      total 55296K, used 54467K [0x00000000d5800000, 0x00000000da400000, 0x0000000100000000)
  eden space 46592K, 100% used [0x00000000d5800000,0x00000000d8580000,0x00000000d8580000)
  from space 8704K, 90% used [0x00000000d8580000,0x00000000d8d30df8,0x00000000d8e00000)
  to   space 9216K, 0% used [0x00000000d9b00000,0x00000000d9b00000,0x00000000da400000)
 ParOldGen       total 61952K, used 14514K [0x0000000080800000, 0x0000000084480000, 0x00000000d5800000)
  object space 61952K, 23% used [0x0000000080800000,0x000000008162c848,0x0000000084480000)
 Metaspace       used 24637K, capacity 25262K, committed 25600K, reserved 1071104K
  class space    used 2824K, capacity 2967K, committed 3072K, reserved 1048576K
Event: 9.550 GC heap after
Heap after GC invocations=13 (full 1):
 PSYoungGen      total 67584K, used 9203K [0x00000000d5800000, 0x00000000dae00000, 0x0000000100000000)
  eden space 58368K, 0% used [0x00000000d5800000,0x00000000d5800000,0x00000000d9100000)
  from space 9216K, 99% used [0x00000000d9b00000,0x00000000da3fcde0,0x00000000da400000)
  to   space 10240K, 0% used [0x00000000d9100000,0x00000000d9100000,0x00000000d9b00000)
 ParOldGen       total 61952K, used 15800K [0x0000000080800000, 0x0000000084480000, 0x00000000d5800000)
  object space 61952K, 25% used [0x0000000080800000,0x000000008176e298,0x0000000084480000)
 Metaspace       used 24637K, capacity 25262K, committed 25600K, reserved 1071104K
  class space    used 2824K, capacity 2967K, committed 3072K, reserved 1048576K
}
Event: 9.780 GC heap before
{Heap before GC invocations=14 (full 1):
 PSYoungGen      total 67584K, used 67571K [0x00000000d5800000, 0x00000000dae00000, 0x0000000100000000)
  eden space 58368K, 100% used [0x00000000d5800000,0x00000000d9100000,0x00000000d9100000)
  from space 9216K, 99% used [0x00000000d9b00000,0x00000000da3fcde0,0x00000000da400000)
  to   space 10240K, 0% used [0x00000000d9100000,0x00000000d9100000,0x00000000d9b00000)
 ParOldGen       total 61952K, used 15800K [0x0000000080800000, 0x0000000084480000, 0x00000000d5800000)
  object space 61952K, 25% used [0x0000000080800000,0x000000008176e298,0x0000000084480000)
 Metaspace       used 24648K, capacity 25266K, committed 25600K, reserved 1071104K
  class space    used 2825K, capacity 2967K, committed 3072K, reserved 1048576K
Event: 9.789 GC heap after
Heap after GC invocations=14 (full 1):
 PSYoungGen      total 68608K, used 10239K [0x00000000d5800000, 0x00000000dc380000, 0x0000000100000000)
  eden space 58368K, 0% used [0x00000000d5800000,0x00000000d5800000,0x00000000d9100000)
  from space 10240K, 99% used [0x00000000d9100000,0x00000000d9afff38,0x00000000d9b00000)
  to   space 12288K, 0% used [0x00000000db780000,0x00000000db780000,0x00000000dc380000)
 ParOldGen       total 61952K, used 17944K [0x0000000080800000, 0x0000000084480000, 0x00000000d5800000)
  object space 61952K, 28% used [0x0000000080800000,0x00000000819863e8,0x0000000084480000)
 Metaspace       used 24648K, capacity 25266K, committed 25600K, reserved 1071104K
  class space    used 2825K, capacity 2967K, committed 3072K, reserved 1048576K
}
Event: 10.016 GC heap before
{Heap before GC invocations=15 (full 1):
 PSYoungGen      total 68608K, used 68607K [0x00000000d5800000, 0x00000000dc380000, 0x0000000100000000)
  eden space 58368K, 100% used [0x00000000d5800000,0x00000000d9100000,0x00000000d9100000)
  from space 10240K, 99% used [0x00000000d9100000,0x00000000d9afff38,0x00000000d9b00000)
  to   space 12288K, 0% used [0x00000000db780000,0x00000000db780000,0x00000000dc380000)
 ParOldGen       total 61952K, used 17944K [0x0000000080800000, 0x0000000084480000, 0x00000000d5800000)
  object space 61952K, 28% used [0x0000000080800000,0x00000000819863e8,0x0000000084480000)
 Metaspace       used 24649K, capacity 25266K, committed 25600K, reserved 1071104K
  class space    used 2825K, capacity 2967K, committed 3072K, reserved 1048576K
Event: 10.029 GC heap after
Heap after GC invocations=15 (full 1):
 PSYoungGen      total 96768K, used 11303K [0x00000000d5800000, 0x00000000dc700000, 0x0000000100000000)
  eden space 84480K, 0% used [0x00000000d5800000,0x00000000d5800000,0x00000000daa80000)
  from space 12288K, 91% used [0x00000000db780000,0x00000000dc289f28,0x00000000dc380000)
  to   space 13312K, 0% used [0x00000000daa80000,0x00000000daa80000,0x00000000db780000)
 ParOldGen       total 61952K, used 20092K [0x0000000080800000, 0x0000000084480000, 0x00000000d5800000)
  object space 61952K, 32% used [0x0000000080800000,0x0000000081b9f070,0x0000000084480000)
 Metaspace       used 24649K, capacity 25266K, committed 25600K, reserved 1071104K
  class space    used 2825K, capacity 2967K, committed 3072K, reserved 1048576K
}
Event: 10.363 GC heap before
{Heap before GC invocations=16 (full 1):
 PSYoungGen      total 96768K, used 95783K [0x00000000d5800000, 0x00000000dc700000, 0x0000000100000000)
  eden space 84480K, 100% used [0x00000000d5800000,0x00000000daa80000,0x00000000daa80000)
  from space 12288K, 91% used [0x00000000db780000,0x00000000dc289f28,0x00000000dc380000)
  to   space 13312K, 0% used [0x00000000daa80000,0x00000000daa80000,0x00000000db780000)
 ParOldGen       total 61952K, used 20092K [0x0000000080800000, 0x0000000084480000, 0x00000000d5800000)
  object space 61952K, 32% used [0x0000000080800000,0x0000000081b9f070,0x0000000084480000)
 Metaspace       used 24654K, capacity 25266K, committed 25600K, reserved 1071104K
  class space    used 2825K, capacity 2967K, committed 3072K, reserved 1048576K
Event: 10.379 GC heap after
Heap after GC invocations=16 (full 1):
 PSYoungGen      total 97792K, used 13281K [0x00000000d5800000, 0x00000000df300000, 0x0000000100000000)
  eden space 84480K, 0% used [0x00000000d5800000,0x00000000d5800000,0x00000000daa80000)
  from space 13312K, 99% used [0x00000000daa80000,0x00000000db7785d8,0x00000000db780000)
  to   space 16384K, 0% used [0x00000000de300000,0x00000000de300000,0x00000000df300000)
 ParOldGen       total 61952K, used 24225K [0x0000000080800000, 0x0000000084480000, 0x00000000d5800000)
  object space 61952K, 39% used [0x0000000080800000,0x0000000081fa8798,0x0000000084480000)
 Metaspace       used 24654K, capacity 25266K, committed 25600K, reserved 1071104K
  class space    used 2825K, capacity 2967K, committed 3072K, reserved 1048576K
}

